SF:lib/features/tasks/domain/services/priority_service.dart
DA:9,9
DA:11,0
DA:15,3
DA:16,3
DA:18,2
DA:19,6
DA:27,2
DA:28,2
DA:29,2
DA:30,2
DA:34,0
DA:38,1
DA:39,1
DA:40,1
DA:41,1
DA:42,1
LF:16
LH:14
end_of_record
SF:lib/features/tasks/domain/services/completion_learning_service.dart
DA:9,0
DA:10,0
DA:11,0
DA:12,0
DA:15,0
DA:16,0
DA:17,0
DA:18,0
DA:22,0
DA:24,0
DA:25,0
DA:27,0
DA:28,0
DA:29,0
DA:30,0
DA:31,0
LF:16
LH:0
end_of_record
SF:lib/features/tasks/domain/entities/task.dart
DA:14,6
DA:25,1
DA:26,1
DA:27,1
DA:28,1
DA:29,1
DA:30,1
DA:31,1
DA:32,1
DA:33,1
DA:34,1
DA:37,1
DA:47,1
DA:48,1
DA:49,1
DA:50,1
DA:51,1
DA:52,1
DA:53,0
DA:54,1
DA:55,1
LF:21
LH:20
end_of_record
SF:lib/core/database/database_helper.dart
DA:8,0
DA:9,0
DA:13,0
DA:14,0
DA:15,0
DA:16,0
DA:19,0
DA:20,0
DA:21,0
DA:22,0
DA:25,0
DA:26,0
DA:30,0
DA:31,0
DA:43,0
DA:53,0
DA:54,0
DA:57,0
DA:58,0
DA:59,0
DA:60,0
LF:21
LH:0
end_of_record
SF:lib/core/di/di.dart
DA:16,9
DA:23,0
DA:25,0
DA:28,0
DA:29,0
DA:32,0
DA:33,0
DA:36,0
DA:37,0
DA:38,0
DA:39,0
DA:42,0
DA:43,0
DA:46,0
DA:47,0
DA:48,0
LF:16
LH:1
end_of_record
SF:lib/features/tasks/data/datasources/sync_queue_datasource.dart
DA:8,0
DA:10,0
DA:12,0
DA:13,0
DA:16,0
DA:17,0
DA:18,0
DA:21,0
DA:22,0
DA:25,0
DA:26,0
LF:11
LH:0
end_of_record
SF:lib/features/tasks/data/datasources/task_local_datasource.dart
DA:8,1
DA:10,3
DA:12,1
DA:13,2
DA:14,2
DA:17,1
DA:18,2
DA:20,1
DA:25,0
DA:26,0
DA:28,0
DA:30,0
DA:34,0
DA:35,0
LF:14
LH:8
end_of_record
SF:lib/features/tasks/data/repositories/task_repository_impl.dart
DA:13,1
DA:18,1
DA:20,2
DA:23,1
DA:25,1
DA:26,2
DA:28,3
DA:30,1
DA:31,1
DA:32,2
DA:37,0
DA:39,0
DA:40,0
DA:42,0
DA:44,0
DA:45,0
DA:46,0
DA:51,0
DA:53,0
DA:55,0
DA:59,0
LF:21
LH:10
end_of_record
SF:lib/features/tasks/sync/sync_manager.dart
DA:12,1
DA:13,0
DA:15,1
DA:16,4
DA:17,1
DA:18,1
DA:23,1
DA:24,2
DA:25,2
DA:26,1
DA:27,1
DA:28,1
DA:30,3
DA:32,1
DA:33,3
DA:39,1
DA:40,2
LF:17
LH:16
end_of_record
SF:lib/features/tasks/presentation/blocs/task_event.dart
DA:4,11
DA:6,0
DA:7,0
DA:11,10
DA:18,1
DA:20,0
DA:21,0
DA:28,0
DA:30,0
DA:31,0
DA:38,1
DA:40,0
DA:41,0
LF:13
LH:4
end_of_record
SF:lib/features/tasks/presentation/blocs/task_state.dart
DA:10,11
DA:16,1
DA:21,1
DA:22,0
DA:23,1
DA:24,1
DA:28,1
DA:29,4
LF:8
LH:7
end_of_record
SF:lib/features/tasks/presentation/blocs/task_bloc.dart
DA:12,2
DA:13,2
DA:14,2
DA:15,2
DA:16,2
DA:19,1
DA:20,3
DA:22,2
DA:23,3
DA:25,0
DA:29,1
DA:30,4
DA:31,1
DA:34,0
DA:35,0
DA:36,0
DA:39,1
DA:40,4
DA:41,1
LF:19
LH:15
end_of_record
SF:lib/core/theme/theme_cubit.dart
DA:7,2
DA:8,1
DA:11,1
DA:12,1
DA:13,1
DA:14,2
DA:17,1
DA:18,2
DA:19,1
DA:20,1
DA:21,2
LF:11
LH:11
end_of_record
SF:lib/features/tasks/data/models/sync_operation_model.dart
DA:11,2
DA:19,0
DA:20,0
DA:21,0
DA:22,0
DA:23,0
DA:24,0
DA:27,0
DA:28,0
DA:29,0
DA:31,0
DA:32,0
DA:33,0
DA:34,0
DA:37,0
DA:39,0
DA:40,0
LF:17
LH:1
end_of_record
SF:lib/features/tasks/data/models/task_model.dart
DA:7,2
DA:18,2
DA:19,1
DA:20,1
DA:21,1
DA:22,1
DA:23,1
DA:24,1
DA:25,1
DA:26,1
DA:29,2
DA:30,1
DA:31,1
DA:32,1
DA:33,1
DA:34,4
DA:35,0
DA:36,1
DA:37,0
DA:39,1
DA:40,2
DA:42,2
DA:45,4
DA:46,2
DA:47,2
DA:48,2
DA:49,4
DA:50,2
DA:51,2
DA:52,2
DA:53,4
DA:56,3
DA:58,0
DA:59,0
LF:34
LH:30
end_of_record
SF:lib/features/tasks/presentation/widgets/priority_indicator.dart
DA:7,0
DA:9,0
DA:10,0
DA:11,0
DA:13,0
DA:15,0
DA:17,0
DA:22,0
DA:23,0
DA:24,0
DA:26,0
DA:28,0
DA:30,0
DA:35,0
DA:37,0
DA:44,0
DA:45,0
DA:46,0
DA:48,0
DA:50,0
DA:51,0
DA:55,0
DA:56,0
LF:23
LH:0
end_of_record
SF:lib/features/tasks/domain/factories/task_factory.dart
DA:8,0
DA:9,2
DA:10,3
DA:12,1
DA:18,1
DA:19,1
DA:20,2
DA:27,1
DA:28,2
LF:9
LH:8
end_of_record
